#
# There is insufficient memory for the Java Runtime Environment to continue.
# Native memory allocation (malloc) failed to allocate 1088816 bytes for Chunk::new
# Possible reasons:
#   The system is out of physical RAM or swap space
#   The process is running with CompressedOops enabled, and the Java Heap may be blocking the growth of the native heap
# Possible solutions:
#   Reduce memory load on the system
#   Increase physical memory or swap space
#   Check if swap backing store is full
#   Decrease Java heap size (-Xmx/-Xms)
#   Decrease number of Java threads
#   Decrease Java thread stack sizes (-Xss)
#   Set larger code cache with -XX:ReservedCodeCacheSize=
#   JVM is running with Zero Based Compressed Oops mode in which the Java heap is
#     placed in the first 32GB address space. The Java Heap base address is the
#     maximum limit for the native heap growth. Please use -XX:HeapBaseMinAddress
#     to set the Java Heap base and to place the Java Heap above 32GB virtual address.
# This output file may be truncated or incomplete.
#
#  Out of Memory Error (arena.cpp:191), pid=11060, tid=46588
#
# JRE version: OpenJDK Runtime Environment Corretto-17.0.10.7.1 (17.0.10+7) (build 17.0.10+7-LTS)
# Java VM: OpenJDK 64-Bit Server VM Corretto-17.0.10.7.1 (17.0.10+7-LTS, mixed mode, sharing, tiered, compressed oops, compressed class ptrs, g1 gc, windows-amd64)
# No core dump will be written. Minidumps are not enabled by default on client versions of Windows
#

---------------  S U M M A R Y ------------

Command Line: -ea -Didea.test.cyclic.buffer.size=1048576 -javaagent:C:\Users\Shiri\AppData\Local\JetBrains\IntelliJ IDEA Community Edition 2023.3.2\lib\idea_rt.jar=21569:C:\Users\Shiri\AppData\Local\JetBrains\IntelliJ IDEA Community Edition 2023.3.2\bin -Dfile.encoding=UTF-8 com.intellij.rt.testng.RemoteTestNGStarter -usedefaultlisteners false -socket21568 @w@C:\Users\Shiri\AppData\Local\Temp\idea_working_dirs_testng.tmp -temp C:\Users\Shiri\AppData\Local\Temp\idea_testng.tmp

Host: 11th Gen Intel(R) Core(TM) i5-1155G7 @ 2.50GHz, 8 cores, 15G,  Windows 11 , 64 bit Build 22621 (10.0.22621.3527)
Time: Thu May 23 18:56:22 2024 RTZ 6 (s 11 , 64 bit Build 22621 (10.0.22621.3527) elapsed time: 32.148757 seconds (0d 0h 0m 32s)

---------------  T H R E A D  ---------------

Current thread (0x00000243f94b35d0):  JavaThread "C2 CompilerThread0" daemon [_thread_in_native, id=46588, stack(0x000000eb28900000,0x000000eb28a00000)]


Current CompileTask:
C2:  32148 2859       4       java.util.TreeMap::put (221 bytes)

Stack: [0x000000eb28900000,0x000000eb28a00000]
Native frames: (J=compiled Java code, j=interpreted, Vv=VM code, C=native code)
V  [jvm.dll+0x67d2c9]
V  [jvm.dll+0x834b1a]
V  [jvm.dll+0x8365de]
V  [jvm.dll+0x836c43]
V  [jvm.dll+0x2477ff]
V  [jvm.dll+0xac514]
V  [jvm.dll+0xacb5c]
V  [jvm.dll+0x366782]
V  [jvm.dll+0x330bfa]
V  [jvm.dll+0x33009a]
V  [jvm.dll+0x219ef1]
V  [jvm.dll+0x219311]
V  [jvm.dll+0x1a502d]
V  [jvm.dll+0x2290de]
V  [jvm.dll+0x2272ac]
V  [jvm.dll+0x7e9bd7]
V  [jvm.dll+0x7e3fda]
V  [jvm.dll+0x67c1b5]
C  [ucrtbase.dll+0x29333]
C  [KERNEL32.DLL+0x1257d]
C  [ntdll.dll+0x5aa48]


---------------  P R O C E S S  ---------------

Threads class SMR info:
_java_thread_list=0x00000243ff271a50, length=26, elements={
0x00000243d6491330, 0x00000243f9382ef0, 0x00000243f9383ab0, 0x00000243f94abd80,
0x00000243f94ad760, 0x00000243f94b2050, 0x00000243f94b2920, 0x00000243f94b35d0,
0x00000243f94b5fa0, 0x00000243f94b68b0, 0x00000243f95b2ef0, 0x00000243f9664a50,
0x00000243f9664f30, 0x00000243fe9a7fe0, 0x00000243fe7b86f0, 0x00000243fea73b10,
0x00000243fea73ff0, 0x00000243fea71b90, 0x00000243fe823df0, 0x00000243fe822ec0,
0x00000243fe821570, 0x00000243fe824300, 0x00000243fe821a80, 0x00000243fe8224a0,
0x00000243fe8238e0, 0x00000243fe824810
}

Java Threads: ( => current thread )
  0x00000243d6491330 JavaThread "Forwarding getElementText on session 826ca1beaea1e2bfc7d629e5a405f03d to remote" [_thread_blocked, id=5844, stack(0x000000eb27c00000,0x000000eb27d00000)]
  0x00000243f9382ef0 JavaThread "Reference Handler" daemon [_thread_blocked, id=45692, stack(0x000000eb28300000,0x000000eb28400000)]
  0x00000243f9383ab0 JavaThread "Finalizer" daemon [_thread_blocked, id=33568, stack(0x000000eb28400000,0x000000eb28500000)]
  0x00000243f94abd80 JavaThread "Signal Dispatcher" daemon [_thread_blocked, id=46548, stack(0x000000eb28500000,0x000000eb28600000)]
  0x00000243f94ad760 JavaThread "Attach Listener" daemon [_thread_blocked, id=46248, stack(0x000000eb28600000,0x000000eb28700000)]
  0x00000243f94b2050 JavaThread "Service Thread" daemon [_thread_blocked, id=46196, stack(0x000000eb28700000,0x000000eb28800000)]
  0x00000243f94b2920 JavaThread "Monitor Deflation Thread" daemon [_thread_blocked, id=46600, stack(0x000000eb28800000,0x000000eb28900000)]
=>0x00000243f94b35d0 JavaThread "C2 CompilerThread0" daemon [_thread_in_native, id=46588, stack(0x000000eb28900000,0x000000eb28a00000)]
  0x00000243f94b5fa0 JavaThread "C1 CompilerThread0" daemon [_thread_blocked, id=46592, stack(0x000000eb28a00000,0x000000eb28b00000)]
  0x00000243f94b68b0 JavaThread "Sweeper thread" daemon [_thread_blocked, id=46596, stack(0x000000eb28b00000,0x000000eb28c00000)]
  0x00000243f95b2ef0 JavaThread "Common-Cleaner" daemon [_thread_blocked, id=46584, stack(0x000000eb28c00000,0x000000eb28d00000)]
  0x00000243f9664a50 JavaThread "Monitor Ctrl-Break" daemon [_thread_in_native, id=46640, stack(0x000000eb28d00000,0x000000eb28e00000)]
  0x00000243f9664f30 JavaThread "Notification Thread" daemon [_thread_blocked, id=46536, stack(0x000000eb28e00000,0x000000eb28f00000)]
  0x00000243fe9a7fe0 JavaThread "ForkJoinPool.commonPool-worker-1" daemon [_thread_blocked, id=44236, stack(0x000000eb29100000,0x000000eb29200000)]
  0x00000243fe7b86f0 JavaThread "HttpClient-1-SelectorManager" daemon [_thread_in_native, id=7800, stack(0x000000eb29900000,0x000000eb29a00000)]
  0x00000243fea73b10 JavaThread "External Process Output Forwarder - src/main/resources/chromedriver.exe" daemon [_thread_in_native, id=18324, stack(0x000000eb29a00000,0x000000eb29b00000)]
  0x00000243fea73ff0 JavaThread "Driver Service Executor" daemon [_thread_blocked, id=45644, stack(0x000000eb29b00000,0x000000eb29c00000)]
  0x00000243fea71b90 JavaThread "Driver Service Executor" daemon [_thread_blocked, id=37032, stack(0x000000eb29c00000,0x000000eb29d00000)]
  0x00000243fe823df0 JavaThread "UrlChecker-2" daemon [_thread_blocked, id=44196, stack(0x000000eb29d00000,0x000000eb29e00000)]
  0x00000243fe822ec0 JavaThread "JdkHttpClient-0-0" daemon [_thread_blocked, id=46752, stack(0x000000eb2a000000,0x000000eb2a100000)]
  0x00000243fe821570 JavaThread "JdkHttpClient-0-1" daemon [_thread_blocked, id=46760, stack(0x000000eb2a100000,0x000000eb2a200000)]
  0x00000243fe824300 JavaThread "JdkHttpClient-0-2" daemon [_thread_blocked, id=26120, stack(0x000000eb2a200000,0x000000eb2a300000)]
  0x00000243fe821a80 JavaThread "HttpClient-2-SelectorManager" daemon [_thread_in_native, id=30880, stack(0x000000eb29000000,0x000000eb29100000)]
  0x00000243fe8224a0 JavaThread "JdkHttpClient-1-0" daemon [_thread_blocked, id=44256, stack(0x000000eb2a300000,0x000000eb2a400000)]
  0x00000243fe8238e0 JavaThread "JdkHttpClient-1-1" daemon [_thread_blocked, id=17196, stack(0x000000eb2a400000,0x000000eb2a500000)]
  0x00000243fe824810 JavaThread "JdkHttpClient-1-2" daemon [_thread_blocked, id=47020, stack(0x000000eb2a500000,0x000000eb2a600000)]

Other Threads:
  0x00000243f937dc90 VMThread "VM Thread" [stack: 0x000000eb28200000,0x000000eb28300000] [id=46216]
  0x00000243f9665890 WatcherThread [stack: 0x000000eb28f00000,0x000000eb29000000] [id=46572]
  0x00000243d64fe8e0 GCTaskThread "GC Thread#0" [stack: 0x000000eb27d00000,0x000000eb27e00000] [id=46048]
  0x00000243ff2b9020 GCTaskThread "GC Thread#1" [stack: 0x000000eb29200000,0x000000eb29300000] [id=7084]
  0x00000243feb4ff20 GCTaskThread "GC Thread#2" [stack: 0x000000eb29300000,0x000000eb29400000] [id=21520]
  0x00000243feb501e0 GCTaskThread "GC Thread#3" [stack: 0x000000eb29400000,0x000000eb29500000] [id=45064]
  0x00000243feb504a0 GCTaskThread "GC Thread#4" [stack: 0x000000eb29500000,0x000000eb29600000] [id=18944]
  0x00000243fe77f0f0 GCTaskThread "GC Thread#5" [stack: 0x000000eb29600000,0x000000eb29700000] [id=3940]
  0x00000243feb91c40 GCTaskThread "GC Thread#6" [stack: 0x000000eb29700000,0x000000eb29800000] [id=9004]
  0x00000243fe98ba10 GCTaskThread "GC Thread#7" [stack: 0x000000eb29800000,0x000000eb29900000] [id=45304]
  0x00000243d650f4c0 ConcurrentGCThread "G1 Main Marker" [stack: 0x000000eb27e00000,0x000000eb27f00000] [id=45468]
  0x00000243d650fee0 ConcurrentGCThread "G1 Conc#0" [stack: 0x000000eb27f00000,0x000000eb28000000] [id=17384]
  0x00000243f9237a30 ConcurrentGCThread "G1 Refine#0" [stack: 0x000000eb28000000,0x000000eb28100000] [id=40484]
  0x00000243f9238370 ConcurrentGCThread "G1 Service" [stack: 0x000000eb28100000,0x000000eb28200000] [id=45580]

Threads with active compile tasks:
C2 CompilerThread0    32170 2859       4       java.util.TreeMap::put (221 bytes)

VM state: not at safepoint (normal execution)

VM Mutex/Monitor currently owned by a thread: None

Heap address: 0x0000000703600000, size: 4042 MB, Compressed Oops mode: Zero based, Oop shift amount: 3

CDS archive(s) mapped at: [0x0000024380000000-0x0000024380bb0000-0x0000024380bb0000), size 12255232, SharedBaseAddress: 0x0000024380000000, ArchiveRelocationMode: 1.
Compressed class space mapped at: 0x0000024381000000-0x00000243c1000000, reserved size: 1073741824
Narrow klass base: 0x0000024380000000, Narrow klass shift: 0, Narrow klass range: 0x100000000

GC Precious Log:
 CPUs: 8 total, 8 available
 Memory: 16167M
 Large Page Support: Disabled
 NUMA Support: Disabled
 Compressed Oops: Enabled (Zero based)
 Heap Region Size: 2M
 Heap Min Capacity: 8M
 Heap Initial Capacity: 254M
 Heap Max Capacity: 4042M
 Pre-touch: Disabled
 Parallel Workers: 8
 Concurrent Workers: 2
 Concurrent Refinement Workers: 8
 Periodic GC: Disabled

Heap:
 garbage-first heap   total 260096K, used 31345K [0x0000000703600000, 0x0000000800000000)
  region size 2048K, 16 young (32768K), 2 survivors (4096K)
 Metaspace       used 16104K, committed 16384K, reserved 1114112K
  class space    used 1910K, committed 2048K, reserved 1048576K

Heap Regions: E=young(eden), S=young(survivor), O=old, HS=humongous(starts), HC=humongous(continues), CS=collection set, F=free, OA=open archive, CA=closed archive, TAMS=top-at-mark-start (previous, next)
|   0|0x0000000703600000, 0x000000070369c400, 0x0000000703800000| 30%| O|  |TAMS 0x0000000703600000, 0x0000000703600000| Untracked 
|   1|0x0000000703800000, 0x0000000703800000, 0x0000000703a00000|  0%| F|  |TAMS 0x0000000703800000, 0x0000000703800000| Untracked 
|   2|0x0000000703a00000, 0x0000000703a00000, 0x0000000703c00000|  0%| F|  |TAMS 0x0000000703a00000, 0x0000000703a00000| Untracked 
|   3|0x0000000703c00000, 0x0000000703c00000, 0x0000000703e00000|  0%| F|  |TAMS 0x0000000703c00000, 0x0000000703c00000| Untracked 
|   4|0x0000000703e00000, 0x0000000703e00000, 0x0000000704000000|  0%| F|  |TAMS 0x0000000703e00000, 0x0000000703e00000| Untracked 
|   5|0x0000000704000000, 0x0000000704000000, 0x0000000704200000|  0%| F|  |TAMS 0x0000000704000000, 0x0000000704000000| Untracked 
|   6|0x0000000704200000, 0x0000000704200000, 0x0000000704400000|  0%| F|  |TAMS 0x0000000704200000, 0x0000000704200000| Untracked 
|   7|0x0000000704400000, 0x0000000704400000, 0x0000000704600000|  0%| F|  |TAMS 0x0000000704400000, 0x0000000704400000| Untracked 
|   8|0x0000000704600000, 0x0000000704600000, 0x0000000704800000|  0%| F|  |TAMS 0x0000000704600000, 0x0000000704600000| Untracked 
|   9|0x0000000704800000, 0x0000000704800000, 0x0000000704a00000|  0%| F|  |TAMS 0x0000000704800000, 0x0000000704800000| Untracked 
|  10|0x0000000704a00000, 0x0000000704a00000, 0x0000000704c00000|  0%| F|  |TAMS 0x0000000704a00000, 0x0000000704a00000| Untracked 
|  11|0x0000000704c00000, 0x0000000704c00000, 0x0000000704e00000|  0%| F|  |TAMS 0x0000000704c00000, 0x0000000704c00000| Untracked 
|  12|0x0000000704e00000, 0x0000000704e00000, 0x0000000705000000|  0%| F|  |TAMS 0x0000000704e00000, 0x0000000704e00000| Untracked 
|  13|0x0000000705000000, 0x0000000705000000, 0x0000000705200000|  0%| F|  |TAMS 0x0000000705000000, 0x0000000705000000| Untracked 
|  14|0x0000000705200000, 0x0000000705200000, 0x0000000705400000|  0%| F|  |TAMS 0x0000000705200000, 0x0000000705200000| Untracked 
|  15|0x0000000705400000, 0x0000000705400000, 0x0000000705600000|  0%| F|  |TAMS 0x0000000705400000, 0x0000000705400000| Untracked 
|  16|0x0000000705600000, 0x0000000705600000, 0x0000000705800000|  0%| F|  |TAMS 0x0000000705600000, 0x0000000705600000| Untracked 
|  17|0x0000000705800000, 0x0000000705800000, 0x0000000705a00000|  0%| F|  |TAMS 0x0000000705800000, 0x0000000705800000| Untracked 
|  18|0x0000000705a00000, 0x0000000705a00000, 0x0000000705c00000|  0%| F|  |TAMS 0x0000000705a00000, 0x0000000705a00000| Untracked 
|  19|0x0000000705c00000, 0x0000000705c00000, 0x0000000705e00000|  0%| F|  |TAMS 0x0000000705c00000, 0x0000000705c00000| Untracked 
|  20|0x0000000705e00000, 0x0000000705e00000, 0x0000000706000000|  0%| F|  |TAMS 0x0000000705e00000, 0x0000000705e00000| Untracked 
|  21|0x0000000706000000, 0x0000000706000000, 0x0000000706200000|  0%| F|  |TAMS 0x0000000706000000, 0x0000000706000000| Untracked 
|  22|0x0000000706200000, 0x0000000706200000, 0x0000000706400000|  0%| F|  |TAMS 0x0000000706200000, 0x0000000706200000| Untracked 
|  23|0x0000000706400000, 0x0000000706400000, 0x0000000706600000|  0%| F|  |TAMS 0x0000000706400000, 0x0000000706400000| Untracked 
|  24|0x0000000706600000, 0x0000000706600000, 0x0000000706800000|  0%| F|  |TAMS 0x0000000706600000, 0x0000000706600000| Untracked 
|  25|0x0000000706800000, 0x0000000706800000, 0x0000000706a00000|  0%| F|  |TAMS 0x0000000706800000, 0x0000000706800000| Untracked 
|  26|0x0000000706a00000, 0x0000000706a00000, 0x0000000706c00000|  0%| F|  |TAMS 0x0000000706a00000, 0x0000000706a00000| Untracked 
|  27|0x0000000706c00000, 0x0000000706c00000, 0x0000000706e00000|  0%| F|  |TAMS 0x0000000706c00000, 0x0000000706c00000| Untracked 
|  28|0x0000000706e00000, 0x0000000706e00000, 0x0000000707000000|  0%| F|  |TAMS 0x0000000706e00000, 0x0000000706e00000| Untracked 
|  29|0x0000000707000000, 0x0000000707000000, 0x0000000707200000|  0%| F|  |TAMS 0x0000000707000000, 0x0000000707000000| Untracked 
|  30|0x0000000707200000, 0x0000000707200000, 0x0000000707400000|  0%| F|  |TAMS 0x0000000707200000, 0x0000000707200000| Untracked 
|  31|0x0000000707400000, 0x0000000707400000, 0x0000000707600000|  0%| F|  |TAMS 0x0000000707400000, 0x0000000707400000| Untracked 
|  32|0x0000000707600000, 0x0000000707600000, 0x0000000707800000|  0%| F|  |TAMS 0x0000000707600000, 0x0000000707600000| Untracked 
|  33|0x0000000707800000, 0x0000000707800000, 0x0000000707a00000|  0%| F|  |TAMS 0x0000000707800000, 0x0000000707800000| Untracked 
|  34|0x0000000707a00000, 0x0000000707a00000, 0x0000000707c00000|  0%| F|  |TAMS 0x0000000707a00000, 0x0000000707a00000| Untracked 
|  35|0x0000000707c00000, 0x0000000707c00000, 0x0000000707e00000|  0%| F|  |TAMS 0x0000000707c00000, 0x0000000707c00000| Untracked 
|  36|0x0000000707e00000, 0x0000000707e00000, 0x0000000708000000|  0%| F|  |TAMS 0x0000000707e00000, 0x0000000707e00000| Untracked 
|  37|0x0000000708000000, 0x0000000708000000, 0x0000000708200000|  0%| F|  |TAMS 0x0000000708000000, 0x0000000708000000| Untracked 
|  38|0x0000000708200000, 0x0000000708200000, 0x0000000708400000|  0%| F|  |TAMS 0x0000000708200000, 0x0000000708200000| Untracked 
|  39|0x0000000708400000, 0x0000000708400000, 0x0000000708600000|  0%| F|  |TAMS 0x0000000708400000, 0x0000000708400000| Untracked 
|  40|0x0000000708600000, 0x0000000708600000, 0x0000000708800000|  0%| F|  |TAMS 0x0000000708600000, 0x0000000708600000| Untracked 
|  41|0x0000000708800000, 0x0000000708800000, 0x0000000708a00000|  0%| F|  |TAMS 0x0000000708800000, 0x0000000708800000| Untracked 
|  42|0x0000000708a00000, 0x0000000708a00000, 0x0000000708c00000|  0%| F|  |TAMS 0x0000000708a00000, 0x0000000708a00000| Untracked 
|  43|0x0000000708c00000, 0x0000000708c00000, 0x0000000708e00000|  0%| F|  |TAMS 0x0000000708c00000, 0x0000000708c00000| Untracked 
|  44|0x0000000708e00000, 0x0000000708e00000, 0x0000000709000000|  0%| F|  |TAMS 0x0000000708e00000, 0x0000000708e00000| Untracked 
|  45|0x0000000709000000, 0x0000000709000000, 0x0000000709200000|  0%| F|  |TAMS 0x0000000709000000, 0x0000000709000000| Untracked 
|  46|0x0000000709200000, 0x0000000709200000, 0x0000000709400000|  0%| F|  |TAMS 0x0000000709200000, 0x0000000709200000| Untracked 
|  47|0x0000000709400000, 0x0000000709400000, 0x0000000709600000|  0%| F|  |TAMS 0x0000000709400000, 0x0000000709400000| Untracked 
|  48|0x0000000709600000, 0x0000000709600000, 0x0000000709800000|  0%| F|  |TAMS 0x0000000709600000, 0x0000000709600000| Untracked 
|  49|0x0000000709800000, 0x0000000709800000, 0x0000000709a00000|  0%| F|  |TAMS 0x0000000709800000, 0x0000000709800000| Untracked 
|  50|0x0000000709a00000, 0x0000000709a00000, 0x0000000709c00000|  0%| F|  |TAMS 0x0000000709a00000, 0x0000000709a00000| Untracked 
|  51|0x0000000709c00000, 0x0000000709c00000, 0x0000000709e00000|  0%| F|  |TAMS 0x0000000709c00000, 0x0000000709c00000| Untracked 
|  52|0x0000000709e00000, 0x0000000709e00000, 0x000000070a000000|  0%| F|  |TAMS 0x0000000709e00000, 0x0000000709e00000| Untracked 
|  53|0x000000070a000000, 0x000000070a000000, 0x000000070a200000|  0%| F|  |TAMS 0x000000070a000000, 0x000000070a000000| Untracked 
|  54|0x000000070a200000, 0x000000070a200000, 0x000000070a400000|  0%| F|  |TAMS 0x000000070a200000, 0x000000070a200000| Untracked 
|  55|0x000000070a400000, 0x000000070a400000, 0x000000070a600000|  0%| F|  |TAMS 0x000000070a400000, 0x000000070a400000| Untracked 
|  56|0x000000070a600000, 0x000000070a600000, 0x000000070a800000|  0%| F|  |TAMS 0x000000070a600000, 0x000000070a600000| Untracked 
|  57|0x000000070a800000, 0x000000070a800000, 0x000000070aa00000|  0%| F|  |TAMS 0x000000070a800000, 0x000000070a800000| Untracked 
|  58|0x000000070aa00000, 0x000000070aa00000, 0x000000070ac00000|  0%| F|  |TAMS 0x000000070aa00000, 0x000000070aa00000| Untracked 
|  59|0x000000070ac00000, 0x000000070ac00000, 0x000000070ae00000|  0%| F|  |TAMS 0x000000070ac00000, 0x000000070ac00000| Untracked 
|  60|0x000000070ae00000, 0x000000070ae00000, 0x000000070b000000|  0%| F|  |TAMS 0x000000070ae00000, 0x000000070ae00000| Untracked 
|  61|0x000000070b000000, 0x000000070b000000, 0x000000070b200000|  0%| F|  |TAMS 0x000000070b000000, 0x000000070b000000| Untracked 
|  62|0x000000070b200000, 0x000000070b200000, 0x000000070b400000|  0%| F|  |TAMS 0x000000070b200000, 0x000000070b200000| Untracked 
|  63|0x000000070b400000, 0x000000070b400000, 0x000000070b600000|  0%| F|  |TAMS 0x000000070b400000, 0x000000070b400000| Untracked 
|  64|0x000000070b600000, 0x000000070b600000, 0x000000070b800000|  0%| F|  |TAMS 0x000000070b600000, 0x000000070b600000| Untracked 
|  65|0x000000070b800000, 0x000000070b800000, 0x000000070ba00000|  0%| F|  |TAMS 0x000000070b800000, 0x000000070b800000| Untracked 
|  66|0x000000070ba00000, 0x000000070ba00000, 0x000000070bc00000|  0%| F|  |TAMS 0x000000070ba00000, 0x000000070ba00000| Untracked 
|  67|0x000000070bc00000, 0x000000070bc00000, 0x000000070be00000|  0%| F|  |TAMS 0x000000070bc00000, 0x000000070bc00000| Untracked 
|  68|0x000000070be00000, 0x000000070be00000, 0x000000070c000000|  0%| F|  |TAMS 0x000000070be00000, 0x000000070be00000| Untracked 
|  69|0x000000070c000000, 0x000000070c000000, 0x000000070c200000|  0%| F|  |TAMS 0x000000070c000000, 0x000000070c000000| Untracked 
|  70|0x000000070c200000, 0x000000070c200000, 0x000000070c400000|  0%| F|  |TAMS 0x000000070c200000, 0x000000070c200000| Untracked 
|  71|0x000000070c400000, 0x000000070c400000, 0x000000070c600000|  0%| F|  |TAMS 0x000000070c400000, 0x000000070c400000| Untracked 
|  72|0x000000070c600000, 0x000000070c600000, 0x000000070c800000|  0%| F|  |TAMS 0x000000070c600000, 0x000000070c600000| Untracked 
|  73|0x000000070c800000, 0x000000070c800000, 0x000000070ca00000|  0%| F|  |TAMS 0x000000070c800000, 0x000000070c800000| Untracked 
|  74|0x000000070ca00000, 0x000000070ca00000, 0x000000070cc00000|  0%| F|  |TAMS 0x000000070ca00000, 0x000000070ca00000| Untracked 
|  75|0x000000070cc00000, 0x000000070cc00000, 0x000000070ce00000|  0%| F|  |TAMS 0x000000070cc00000, 0x000000070cc00000| Untracked 
|  76|0x000000070ce00000, 0x000000070ce00000, 0x000000070d000000|  0%| F|  |TAMS 0x000000070ce00000, 0x000000070ce00000| Untracked 
|  77|0x000000070d000000, 0x000000070d000000, 0x000000070d200000|  0%| F|  |TAMS 0x000000070d000000, 0x000000070d000000| Untracked 
|  78|0x000000070d200000, 0x000000070d200000, 0x000000070d400000|  0%| F|  |TAMS 0x000000070d200000, 0x000000070d200000| Untracked 
|  79|0x000000070d400000, 0x000000070d400000, 0x000000070d600000|  0%| F|  |TAMS 0x000000070d400000, 0x000000070d400000| Untracked 
|  80|0x000000070d600000, 0x000000070d600000, 0x000000070d800000|  0%| F|  |TAMS 0x000000070d600000, 0x000000070d600000| Untracked 
|  81|0x000000070d800000, 0x000000070d800000, 0x000000070da00000|  0%| F|  |TAMS 0x000000070d800000, 0x000000070d800000| Untracked 
|  82|0x000000070da00000, 0x000000070da00000, 0x000000070dc00000|  0%| F|  |TAMS 0x000000070da00000, 0x000000070da00000| Untracked 
|  83|0x000000070dc00000, 0x000000070dc00000, 0x000000070de00000|  0%| F|  |TAMS 0x000000070dc00000, 0x000000070dc00000| Untracked 
|  84|0x000000070de00000, 0x000000070de00000, 0x000000070e000000|  0%| F|  |TAMS 0x000000070de00000, 0x000000070de00000| Untracked 
|  85|0x000000070e000000, 0x000000070e000000, 0x000000070e200000|  0%| F|  |TAMS 0x000000070e000000, 0x000000070e000000| Untracked 
|  86|0x000000070e200000, 0x000000070e200000, 0x000000070e400000|  0%| F|  |TAMS 0x000000070e200000, 0x000000070e200000| Untracked 
|  87|0x000000070e400000, 0x000000070e400000, 0x000000070e600000|  0%| F|  |TAMS 0x000000070e400000, 0x000000070e400000| Untracked 
|  88|0x000000070e600000, 0x000000070e600000, 0x000000070e800000|  0%| F|  |TAMS 0x000000070e600000, 0x000000070e600000| Untracked 
|  89|0x000000070e800000, 0x000000070e800000, 0x000000070ea00000|  0%| F|  |TAMS 0x000000070e800000, 0x000000070e800000| Untracked 
|  90|0x000000070ea00000, 0x000000070ea00000, 0x000000070ec00000|  0%| F|  |TAMS 0x000000070ea00000, 0x000000070ea00000| Untracked 
|  91|0x000000070ec00000, 0x000000070ec00000, 0x000000070ee00000|  0%| F|  |TAMS 0x000000070ec00000, 0x000000070ec00000| Untracked 
|  92|0x000000070ee00000, 0x000000070ee00000, 0x000000070f000000|  0%| F|  |TAMS 0x000000070ee00000, 0x000000070ee00000| Untracked 
|  93|0x000000070f000000, 0x000000070f000000, 0x000000070f200000|  0%| F|  |TAMS 0x000000070f000000, 0x000000070f000000| Untracked 
|  94|0x000000070f200000, 0x000000070f200000, 0x000000070f400000|  0%| F|  |TAMS 0x000000070f200000, 0x000000070f200000| Untracked 
|  95|0x000000070f400000, 0x000000070f400000, 0x000000070f600000|  0%| F|  |TAMS 0x000000070f400000, 0x000000070f400000| Untracked 
|  96|0x000000070f600000, 0x000000070f600000, 0x000000070f800000|  0%| F|  |TAMS 0x000000070f600000, 0x000000070f600000| Untracked 
|  97|0x000000070f800000, 0x000000070f800000, 0x000000070fa00000|  0%| F|  |TAMS 0x000000070f800000, 0x000000070f800000| Untracked 
|  98|0x000000070fa00000, 0x000000070fa00000, 0x000000070fc00000|  0%| F|  |TAMS 0x000000070fa00000, 0x000000070fa00000| Untracked 
|  99|0x000000070fc00000, 0x000000070fc00000, 0x000000070fe00000|  0%| F|  |TAMS 0x000000070fc00000, 0x000000070fc00000| Untracked 
| 100|0x000000070fe00000, 0x000000070fe00000, 0x0000000710000000|  0%| F|  |TAMS 0x000000070fe00000, 0x000000070fe00000| Untracked 
| 101|0x0000000710000000, 0x0000000710000000, 0x0000000710200000|  0%| F|  |TAMS 0x0000000710000000, 0x0000000710000000| Untracked 
| 102|0x0000000710200000, 0x0000000710200000, 0x0000000710400000|  0%| F|  |TAMS 0x0000000710200000, 0x0000000710200000| Untracked 
| 103|0x0000000710400000, 0x0000000710400000, 0x0000000710600000|  0%| F|  |TAMS 0x0000000710400000, 0x0000000710400000| Untracked 
| 104|0x0000000710600000, 0x0000000710600000, 0x0000000710800000|  0%| F|  |TAMS 0x0000000710600000, 0x0000000710600000| Untracked 
| 105|0x0000000710800000, 0x0000000710800000, 0x0000000710a00000|  0%| F|  |TAMS 0x0000000710800000, 0x0000000710800000| Untracked 
| 106|0x0000000710a00000, 0x0000000710a00000, 0x0000000710c00000|  0%| F|  |TAMS 0x0000000710a00000, 0x0000000710a00000| Untracked 
| 107|0x0000000710c00000, 0x0000000710c00000, 0x0000000710e00000|  0%| F|  |TAMS 0x0000000710c00000, 0x0000000710c00000| Untracked 
| 108|0x0000000710e00000, 0x0000000710e00000, 0x0000000711000000|  0%| F|  |TAMS 0x0000000710e00000, 0x0000000710e00000| Untracked 
| 109|0x0000000711000000, 0x0000000711000000, 0x0000000711200000|  0%| F|  |TAMS 0x0000000711000000, 0x0000000711000000| Untracked 
| 110|0x0000000711200000, 0x0000000711200000, 0x0000000711400000|  0%| F|  |TAMS 0x0000000711200000, 0x0000000711200000| Untracked 
| 111|0x0000000711400000, 0x00000007115e9c70, 0x0000000711600000| 95%| E|  |TAMS 0x0000000711400000, 0x0000000711400000| Complete 
| 112|0x0000000711600000, 0x0000000711800000, 0x0000000711800000|100%| E|CS|TAMS 0x0000000711600000, 0x0000000711600000| Complete 
| 113|0x0000000711800000, 0x0000000711a00000, 0x0000000711a00000|100%| E|CS|TAMS 0x0000000711800000, 0x0000000711800000| Complete 
| 114|0x0000000711a00000, 0x0000000711c00000, 0x0000000711c00000|100%| S|CS|TAMS 0x0000000711a00000, 0x0000000711a00000| Complete 
| 115|0x0000000711c00000, 0x0000000711e00000, 0x0000000711e00000|100%| S|CS|TAMS 0x0000000711c00000, 0x0000000711c00000| Complete 
| 116|0x0000000711e00000, 0x0000000712000000, 0x0000000712000000|100%| E|CS|TAMS 0x0000000711e00000, 0x0000000711e00000| Complete 
| 117|0x0000000712000000, 0x0000000712200000, 0x0000000712200000|100%| E|CS|TAMS 0x0000000712000000, 0x0000000712000000| Complete 
| 118|0x0000000712200000, 0x0000000712400000, 0x0000000712400000|100%| E|CS|TAMS 0x0000000712200000, 0x0000000712200000| Complete 
| 119|0x0000000712400000, 0x0000000712600000, 0x0000000712600000|100%| E|CS|TAMS 0x0000000712400000, 0x0000000712400000| Complete 
| 120|0x0000000712600000, 0x0000000712800000, 0x0000000712800000|100%| E|CS|TAMS 0x0000000712600000, 0x0000000712600000| Complete 
| 121|0x0000000712800000, 0x0000000712a00000, 0x0000000712a00000|100%| E|CS|TAMS 0x0000000712800000, 0x0000000712800000| Complete 
| 122|0x0000000712a00000, 0x0000000712c00000, 0x0000000712c00000|100%| E|CS|TAMS 0x0000000712a00000, 0x0000000712a00000| Complete 
| 123|0x0000000712c00000, 0x0000000712e00000, 0x0000000712e00000|100%| E|CS|TAMS 0x0000000712c00000, 0x0000000712c00000| Complete 
| 124|0x0000000712e00000, 0x0000000713000000, 0x0000000713000000|100%| E|CS|TAMS 0x0000000712e00000, 0x0000000712e00000| Complete 
| 125|0x0000000713000000, 0x0000000713200000, 0x0000000713200000|100%| E|CS|TAMS 0x0000000713000000, 0x0000000713000000| Complete 
| 126|0x0000000713200000, 0x0000000713400000, 0x0000000713400000|100%| E|CS|TAMS 0x0000000713200000, 0x0000000713200000| Complete 

Card table byte_map: [0x00000243edac0000,0x00000243ee2b0000] _byte_map_base: 0x00000243ea2a5000

Marking Bits (Prev, Next): (CMBitMap*) 0x00000243d64fef00, (CMBitMap*) 0x00000243d64fef40
 Prev Bits: [0x00000243eeaa0000, 0x00000243f29c8000)
 Next Bits: [0x00000243f29d0000, 0x00000243f68f8000)

Polling page: 0x00000243d4600000

Metaspace:

Usage:
  Non-class:     13.86 MB used.
      Class:      1.87 MB used.
       Both:     15.73 MB used.

Virtual space:
  Non-class space:       64.00 MB reserved,      14.00 MB ( 22%) committed,  1 nodes.
      Class space:        1.00 GB reserved,       2.00 MB ( <1%) committed,  1 nodes.
             Both:        1.06 GB reserved,      16.00 MB (  1%) committed. 

Chunk freelists:
   Non-Class:  1.64 MB
       Class:  13.83 MB
        Both:  15.47 MB

MaxMetaspaceSize: unlimited
CompressedClassSpaceSize: 1.00 GB
Initial GC threshold: 21.00 MB
Current GC threshold: 21.00 MB
CDS: on
MetaspaceReclaimPolicy: balanced
 - commit_granule_bytes: 65536.
 - commit_granule_words: 8192.
 - virtual_space_node_default_size: 8388608.
 - enlarge_chunks_in_place: 1.
 - new_chunks_are_fully_committed: 0.
 - uncommit_free_chunks: 1.
 - use_allocation_guard: 0.
 - handle_deallocations: 1.


Internal statistics:

num_allocs_failed_limit: 0.
num_arena_births: 362.
num_arena_deaths: 0.
num_vsnodes_births: 2.
num_vsnodes_deaths: 0.
num_space_committed: 256.
num_space_uncommitted: 0.
num_chunks_returned_to_freelist: 0.
num_chunks_taken_from_freelist: 766.
num_chunk_merges: 0.
num_chunk_splits: 461.
num_chunks_enlarged: 287.
num_inconsistent_stats: 0.

CodeHeap 'non-profiled nmethods': size=120000Kb used=1000Kb max_used=1000Kb free=119000Kb
 bounds [0x00000243e5a70000, 0x00000243e5ce0000, 0x00000243ecfa0000]
CodeHeap 'profiled nmethods': size=120000Kb used=5841Kb max_used=5841Kb free=114158Kb
 bounds [0x00000243ddfa0000, 0x00000243de560000, 0x00000243e54d0000]
CodeHeap 'non-nmethods': size=5760Kb used=1242Kb max_used=1269Kb free=4517Kb
 bounds [0x00000243e54d0000, 0x00000243e5740000, 0x00000243e5a70000]
 total_blobs=3422 nmethods=2891 adapters=443
 compilation: enabled
              stopped_count=0, restarted_count=0
 full_count=0

Compilation events (20 events):
Event: 32.136 Thread 0x00000243f94b5fa0 2879       3       jdk.internal.net.http.SocketTube$SocketFlowEvent::resume (14 bytes)
Event: 32.136 Thread 0x00000243f94b5fa0 nmethod 2879 0x00000243de549c90 code [0x00000243de549e20, 0x00000243de549f38]
Event: 32.136 Thread 0x00000243f94b5fa0 2880       3       jdk.internal.net.http.HttpClientImpl::unreference (150 bytes)
Event: 32.138 Thread 0x00000243f94b5fa0 nmethod 2880 0x00000243de54a010 code [0x00000243de54a280, 0x00000243de54ad08]
Event: 32.138 Thread 0x00000243f94b5fa0 2883       3       org.openqa.selenium.remote.http.jdk.JdkHttpMessages$$Lambda$547/0x00000243811a53b0::test (8 bytes)
Event: 32.138 Thread 0x00000243f94b5fa0 nmethod 2883 0x00000243de54b110 code [0x00000243de54b2c0, 0x00000243de54b578]
Event: 32.138 Thread 0x00000243f94b5fa0 2884       3       org.openqa.selenium.remote.http.jdk.JdkHttpMessages$$Lambda$548/0x00000243811a55f8::accept (16 bytes)
Event: 32.138 Thread 0x00000243f94b5fa0 nmethod 2884 0x00000243de54b690 code [0x00000243de54b840, 0x00000243de54bb48]
Event: 32.138 Thread 0x00000243f94b5fa0 2881       3       java.lang.String::split (7 bytes)
Event: 32.139 Thread 0x00000243f94b5fa0 nmethod 2881 0x00000243de54bc90 code [0x00000243de54be20, 0x00000243de54bf68]
Event: 32.142 Thread 0x00000243f94b5fa0 2885       3       jdk.internal.net.http.common.HttpHeadersBuilder$$Lambda$443/0x000002438113f438::apply (8 bytes)
Event: 32.142 Thread 0x00000243f94b5fa0 nmethod 2885 0x00000243de54c010 code [0x00000243de54c1c0, 0x00000243de54c4c8]
Event: 32.142 Thread 0x00000243f94b5fa0 2886       3       jdk.internal.net.http.common.HttpHeadersBuilder::lambda$addHeader$0 (9 bytes)
Event: 32.142 Thread 0x00000243f94b5fa0 nmethod 2886 0x00000243de54c610 code [0x00000243de54c7c0, 0x00000243de54c948]
Event: 32.142 Thread 0x00000243f94b5fa0 2887       3       jdk.internal.net.http.common.Utils$$Lambda$263/0x0000024381129c58::test (12 bytes)
Event: 32.142 Thread 0x00000243f94b5fa0 nmethod 2887 0x00000243de54ca10 code [0x00000243de54cbc0, 0x00000243de54cee8]
Event: 32.142 Thread 0x00000243f94b5fa0 2888       3       jdk.internal.net.http.common.Utils::lambda$static$2 (120 bytes)
Event: 32.145 Thread 0x00000243f94b5fa0 nmethod 2888 0x00000243de54d010 code [0x00000243de54d4e0, 0x00000243de54fd68]
Event: 32.145 Thread 0x00000243f94b5fa0 2889       3       jdk.internal.net.http.HttpClientImpl::authenticator (8 bytes)
Event: 32.145 Thread 0x00000243f94b5fa0 nmethod 2889 0x00000243de550990 code [0x00000243de550b40, 0x00000243de550e98]

GC Heap History (2 events):
Event: 1.075 GC heap before
{Heap before GC invocations=0 (full 0):
 garbage-first heap   total 260096K, used 22528K [0x0000000703600000, 0x0000000800000000)
  region size 2048K, 11 young (22528K), 0 survivors (0K)
 Metaspace       used 7912K, committed 8192K, reserved 1114112K
  class space    used 964K, committed 1088K, reserved 1048576K
}
Event: 1.082 GC heap after
{Heap after GC invocations=1 (full 0):
 garbage-first heap   total 260096K, used 4721K [0x0000000703600000, 0x0000000800000000)
  region size 2048K, 2 young (4096K), 2 survivors (4096K)
 Metaspace       used 7912K, committed 8192K, reserved 1114112K
  class space    used 964K, committed 1088K, reserved 1048576K
}

Dll operation events (12 events):
Event: 0.011 Loaded shared library C:\Users\Shiri\.jdks\corretto-17.0.10\bin\java.dll
Event: 0.036 Loaded shared library C:\Users\Shiri\.jdks\corretto-17.0.10\bin\jsvml.dll
Event: 0.168 Loaded shared library C:\Users\Shiri\.jdks\corretto-17.0.10\bin\zip.dll
Event: 0.173 Loaded shared library C:\Users\Shiri\.jdks\corretto-17.0.10\bin\instrument.dll
Event: 0.184 Loaded shared library C:\Users\Shiri\.jdks\corretto-17.0.10\bin\net.dll
Event: 0.186 Loaded shared library C:\Users\Shiri\.jdks\corretto-17.0.10\bin\nio.dll
Event: 0.190 Loaded shared library C:\Users\Shiri\.jdks\corretto-17.0.10\bin\zip.dll
Event: 0.194 Loaded shared library C:\Users\Shiri\AppData\Local\JetBrains\IntelliJ IDEA Community Edition 2023.3.2\bin\breakgen64.dll
Event: 0.207 Loaded shared library C:\Users\Shiri\.jdks\corretto-17.0.10\bin\extnet.dll
Event: 0.244 Loaded shared library C:\Users\Shiri\.jdks\corretto-17.0.10\bin\verify.dll
Event: 0.251 Loaded shared library C:\Users\Shiri\.jdks\corretto-17.0.10\bin\jimage.dll
Event: 1.313 Loaded shared library C:\Users\Shiri\.jdks\corretto-17.0.10\bin\sunmscapi.dll

Deoptimization events (20 events):
Event: 30.192 Thread 0x00000243d6491330 Uncommon trap: trap_request=0xffffff45 fr.pc=0x00000243e5b33480 relative=0x0000000000000100
Event: 30.192 Thread 0x00000243d6491330 Uncommon trap: reason=unstable_if action=reinterpret pc=0x00000243e5b33480 method=java.lang.String.getBytes([BIB)V @ 5 c2
Event: 30.192 Thread 0x00000243d6491330 DEOPT PACKING pc=0x00000243e5b33480 sp=0x000000eb27cfdb40
Event: 30.192 Thread 0x00000243d6491330 DEOPT UNPACKING pc=0x00000243e552a1a3 sp=0x000000eb27cfdae8 mode 2
Event: 30.201 Thread 0x00000243d6491330 Uncommon trap: trap_request=0xffffff45 fr.pc=0x00000243e5a84cb8 relative=0x0000000000000038
Event: 30.201 Thread 0x00000243d6491330 Uncommon trap: reason=unstable_if action=reinterpret pc=0x00000243e5a84cb8 method=java.lang.StringLatin1.canEncode(I)Z @ 4 c2
Event: 30.201 Thread 0x00000243d6491330 DEOPT PACKING pc=0x00000243e5a84cb8 sp=0x000000eb27cfcb20
Event: 30.201 Thread 0x00000243d6491330 DEOPT UNPACKING pc=0x00000243e552a1a3 sp=0x000000eb27cfcab0 mode 2
Event: 30.201 Thread 0x00000243d6491330 Uncommon trap: trap_request=0xffffff45 fr.pc=0x00000243e5ab8c90 relative=0x0000000000000550
Event: 30.201 Thread 0x00000243d6491330 Uncommon trap: reason=unstable_if action=reinterpret pc=0x00000243e5ab8c90 method=java.lang.AbstractStringBuilder.putStringAt(ILjava/lang/String;II)V @ 8 c2
Event: 30.201 Thread 0x00000243d6491330 DEOPT PACKING pc=0x00000243e5ab8c90 sp=0x000000eb27cfca20
Event: 30.201 Thread 0x00000243d6491330 DEOPT UNPACKING pc=0x00000243e552a1a3 sp=0x000000eb27cfc910 mode 2
Event: 30.219 Thread 0x00000243d6491330 Uncommon trap: trap_request=0xffffff45 fr.pc=0x00000243e5aa007c relative=0x000000000000015c
Event: 30.219 Thread 0x00000243d6491330 Uncommon trap: reason=unstable_if action=reinterpret pc=0x00000243e5aa007c method=java.lang.AbstractStringBuilder.putStringAt(ILjava/lang/String;II)V @ 8 c2
Event: 30.219 Thread 0x00000243d6491330 DEOPT PACKING pc=0x00000243e5aa007c sp=0x000000eb27cfc9c0
Event: 30.219 Thread 0x00000243d6491330 DEOPT UNPACKING pc=0x00000243e552a1a3 sp=0x000000eb27cfc908 mode 2
Event: 31.086 Thread 0x00000243d6491330 Uncommon trap: trap_request=0xffffff45 fr.pc=0x00000243e5a898d8 relative=0x0000000000000438
Event: 31.086 Thread 0x00000243d6491330 Uncommon trap: reason=unstable_if action=reinterpret pc=0x00000243e5a898d8 method=java.lang.AbstractStringBuilder.isLatin1()Z @ 10 c2
Event: 31.086 Thread 0x00000243d6491330 DEOPT PACKING pc=0x00000243e5a898d8 sp=0x000000eb27cfcb10
Event: 31.086 Thread 0x00000243d6491330 DEOPT UNPACKING pc=0x00000243e552a1a3 sp=0x000000eb27cfca38 mode 2

Classes unloaded (0 events):
No events

Classes redefined (0 events):
No events

Internal exceptions (20 events):
Event: 1.398 Thread 0x00000243d6491330 Exception <a 'java/lang/NoSuchMethodError'{0x0000000712bd7b90}: 'java.lang.Object java.lang.invoke.DirectMethodHandle$Holder.invokeStaticInit(java.lang.Object, java.lang.Object, long, java.lang.Object)'> (0x0000000712bd7b90) 
thrown [s\src\hotspot\share\interpreter\linkResolver.cpp, line 759]
Event: 1.399 Thread 0x00000243d6491330 Exception <a 'java/lang/NoSuchMethodError'{0x0000000712bddec0}: 'java.lang.Object java.lang.invoke.DirectMethodHandle$Holder.newInvokeSpecial(java.lang.Object, java.lang.Object, long)'> (0x0000000712bddec0) 
thrown [s\src\hotspot\share\interpreter\linkResolver.cpp, line 759]
Event: 1.418 Thread 0x00000243fe823df0 Exception <a 'java/net/ConnectException'{0x0000000712852450}: Connection refused: no further information> (0x0000000712852450) 
thrown [s\src\hotspot\share\prims\jni.cpp, line 535]
Event: 1.418 Thread 0x00000243fe823df0 Exception <a 'java/net/SocketException'{0x0000000712852788}: Socket is not connected: shutdown> (0x0000000712852788) 
thrown [s\src\hotspot\share\prims\jni.cpp, line 535]
Event: 1.437 Thread 0x00000243fe823df0 Exception <a 'java/net/ConnectException'{0x0000000712853780}: Connection refused: no further information> (0x0000000712853780) 
thrown [s\src\hotspot\share\prims\jni.cpp, line 535]
Event: 1.437 Thread 0x00000243fe823df0 Exception <a 'java/net/SocketException'{0x0000000712853ab8}: Socket is not connected: shutdown> (0x0000000712853ab8) 
thrown [s\src\hotspot\share\prims\jni.cpp, line 535]
Event: 1.485 Thread 0x00000243d6491330 Exception <a 'java/lang/NoSuchMethodError'{0x00000007128cdf78}: 'double java.lang.invoke.DirectMethodHandle$Holder.invokeVirtual(java.lang.Object, java.lang.Object)'> (0x00000007128cdf78) 
thrown [s\src\hotspot\share\interpreter\linkResolver.cpp, line 759]
Event: 1.486 Thread 0x00000243d6491330 Exception <a 'java/lang/NoSuchMethodError'{0x00000007128d4720}: 'float java.lang.invoke.DirectMethodHandle$Holder.invokeVirtual(java.lang.Object, java.lang.Object)'> (0x00000007128d4720) 
thrown [s\src\hotspot\share\interpreter\linkResolver.cpp, line 759]
Event: 1.487 Thread 0x00000243d6491330 Exception <a 'java/lang/NoSuchMethodError'{0x00000007128dd700}: 'long java.lang.invoke.DirectMethodHandle$Holder.invokeVirtual(java.lang.Object, java.lang.Object)'> (0x00000007128dd700) 
thrown [s\src\hotspot\share\interpreter\linkResolver.cpp, line 759]
Event: 1.492 Thread 0x00000243d6491330 Exception <a 'java/lang/NoSuchMethodError'{0x000000071290bbd8}: 'void java.lang.invoke.DirectMethodHandle$Holder.invokeStatic(java.lang.Object, java.lang.Object, java.lang.Object)'> (0x000000071290bbd8) 
thrown [s\src\hotspot\share\interpreter\linkResolver.cpp, line 759]
Event: 1.493 Thread 0x00000243d6491330 Exception <a 'java/lang/NoSuchMethodError'{0x00000007129120f8}: 'java.lang.Object java.lang.invoke.DirectMethodHandle$Holder.invokeVirtual(java.lang.Object, java.lang.Object, java.lang.Object)'> (0x00000007129120f8) 
thrown [s\src\hotspot\share\interpreter\linkResolver.cpp, line 759]
Event: 1.516 Thread 0x00000243d6491330 Exception <a 'java/lang/NoSuchMethodError'{0x00000007129e8418}: 'java.lang.Object java.lang.invoke.DirectMethodHandle$Holder.newInvokeSpecial(java.lang.Object, java.lang.Object, int, int)'> (0x00000007129e8418) 
thrown [s\src\hotspot\share\interpreter\linkResolver.cpp, line 759]
Event: 1.517 Thread 0x00000243d6491330 Exception <a 'java/lang/NoSuchMethodError'{0x00000007129f31a8}: 'void java.lang.invoke.DirectMethodHandle$Holder.invokeStatic(java.lang.Object, java.lang.Object, int)'> (0x00000007129f31a8) 
thrown [s\src\hotspot\share\interpreter\linkResolver.cpp, line 759]
Event: 1.569 Thread 0x00000243fe822ec0 Exception <a 'java/lang/NoSuchMethodError'{0x000000071274e270}: 'java.lang.Object java.lang.invoke.DirectMethodHandle$Holder.invokeSpecial(java.lang.Object, java.lang.Object, java.lang.Object, java.lang.Object, int)'> (0x000000071274e270) 
thrown [s\src\hotspot\share\interpreter\linkResolver.cpp, line 759]
Event: 1.569 Thread 0x00000243fe822ec0 Exception <a 'java/lang/NoSuchMethodError'{0x0000000712751e38}: 'java.lang.Object java.lang.invoke.Invokers$Holder.linkToTargetMethod(java.lang.Object, java.lang.Object, int, java.lang.Object)'> (0x0000000712751e38) 
thrown [s\src\hotspot\share\interpreter\linkResolver.cpp, line 759]
Event: 1.586 Thread 0x00000243fe822ec0 Exception <a 'java/lang/NoSuchMethodError'{0x00000007127a3fa8}: 'void java.lang.invoke.DirectMethodHandle$Holder.invokeSpecial(java.lang.Object, java.lang.Object, java.lang.Object, java.lang.Object, java.lang.Object)'> (0x00000007127a3fa8) 
thrown [s\src\hotspot\share\interpreter\linkResolver.cpp, line 759]
Event: 1.602 Thread 0x00000243fe822ec0 Exception <a 'java/lang/NoSuchMethodError'{0x00000007127ef3d8}: 'int java.lang.invoke.DirectMethodHandle$Holder.invokeSpecialIFC(java.lang.Object, java.lang.Object, java.lang.Object, java.lang.Object, java.lang.Object)'> (0x00000007127ef3d8) 
thrown [s\src\hotspot\share\interpreter\linkResolver.cpp, line 759]
Event: 2.777 Thread 0x00000243fe822ec0 Exception <a 'java/lang/NoSuchMethodError'{0x00000007124b8e08}: 'java.lang.Object java.lang.invoke.DirectMethodHandle$Holder.newInvokeSpecial(java.lang.Object, java.lang.Object, long, java.lang.Object, java.lang.Object, java.lang.Object)'> (0x00000007124b8e08) 
thrown [s\src\hotspot\share\interpreter\linkResolver.cpp, line 759]
Event: 2.794 Thread 0x00000243fe822ec0 Exception <a 'java/lang/NoSuchMethodError'{0x00000007124d0f28}: 'void java.lang.invoke.DirectMethodHandle$Holder.invokeSpecial(java.lang.Object, java.lang.Object, java.lang.Object, java.lang.Object, java.lang.Object, java.lang.Object, java.lang.Object)'> (0x00000007124d0f28) 
thrown [s\src\hotspot\share\interpreter\linkResolver.cpp, line 759]
Event: 2.825 Thread 0x00000243d6491330 Exception <a 'java/lang/NoSuchMethodError'{0x0000000712531478}: 'java.lang.Object java.lang.invoke.DirectMethodHandle$Holder.invokeSpecialIFC(java.lang.Object, java.lang.Object, java.lang.Object)'> (0x0000000712531478) 
thrown [s\src\hotspot\share\interpreter\linkResolver.cpp, line 759]

VM Operations (20 events):
Event: 1.153 Executing VM operation: HandshakeAllThreads
Event: 1.153 Executing VM operation: HandshakeAllThreads done
Event: 1.218 Executing VM operation: HandshakeAllThreads
Event: 1.218 Executing VM operation: HandshakeAllThreads done
Event: 1.291 Executing VM operation: HandshakeAllThreads
Event: 1.291 Executing VM operation: HandshakeAllThreads done
Event: 1.470 Executing VM operation: HandshakeAllThreads
Event: 1.470 Executing VM operation: HandshakeAllThreads done
Event: 1.472 Executing VM operation: HandshakeAllThreads
Event: 1.472 Executing VM operation: HandshakeAllThreads done
Event: 2.474 Executing VM operation: Cleanup
Event: 2.474 Executing VM operation: Cleanup done
Event: 2.760 Executing VM operation: HandshakeAllThreads
Event: 2.760 Executing VM operation: HandshakeAllThreads done
Event: 3.773 Executing VM operation: Cleanup
Event: 3.773 Executing VM operation: Cleanup done
Event: 30.952 Executing VM operation: Cleanup
Event: 30.952 Executing VM operation: Cleanup done
Event: 31.962 Executing VM operation: Cleanup
Event: 31.962 Executing VM operation: Cleanup done

Events (20 events):
Event: 2.890 loading class java/util/concurrent/locks/ReentrantReadWriteLock done
Event: 2.890 loading class java/util/concurrent/locks/ReentrantReadWriteLock$FairSync
Event: 2.890 loading class java/util/concurrent/locks/ReentrantReadWriteLock$Sync
Event: 2.890 loading class java/util/concurrent/locks/ReentrantReadWriteLock$Sync done
Event: 2.890 loading class java/util/concurrent/locks/ReentrantReadWriteLock$FairSync done
Event: 2.890 loading class java/util/concurrent/locks/ReentrantReadWriteLock$Sync$ThreadLocalHoldCounter
Event: 2.890 loading class java/util/concurrent/locks/ReentrantReadWriteLock$Sync$ThreadLocalHoldCounter done
Event: 2.890 loading class java/util/concurrent/locks/ReentrantReadWriteLock$ReadLock
Event: 2.890 loading class java/util/concurrent/locks/ReentrantReadWriteLock$ReadLock done
Event: 2.890 loading class java/util/concurrent/locks/ReentrantReadWriteLock$WriteLock
Event: 2.890 loading class java/util/concurrent/locks/ReentrantReadWriteLock$WriteLock done
Event: 2.901 loading class sun/net/www/HeaderParser
Event: 2.901 loading class sun/net/www/HeaderParser done
Event: 6.481 Thread 0x00000243fe821f90 Thread exited: 0x00000243fe821f90
Event: 30.173 loading class java/io/UnsupportedEncodingException
Event: 30.173 loading class java/io/UnsupportedEncodingException done
Event: 30.173 loading class java/net/URLEncoder
Event: 30.173 loading class java/net/URLEncoder done
Event: 30.173 loading class java/io/CharArrayWriter
Event: 30.173 loading class java/io/CharArrayWriter done


Dynamic libraries:
0x00007ff64c960000 - 0x00007ff64c96e000 	C:\Users\Shiri\.jdks\corretto-17.0.10\bin\java.exe
0x00007ffd011b0000 - 0x00007ffd013c7000 	C:\Windows\SYSTEM32\ntdll.dll
0x00007ffcffb40000 - 0x00007ffcffc04000 	C:\Windows\System32\KERNEL32.DLL
0x00007ffcfe670000 - 0x00007ffcfea17000 	C:\Windows\System32\KERNELBASE.dll
0x00007ffcfe4d0000 - 0x00007ffcfe5e1000 	C:\Windows\System32\ucrtbase.dll
0x00007ffcf4cc0000 - 0x00007ffcf4cd7000 	C:\Users\Shiri\.jdks\corretto-17.0.10\bin\jli.dll
0x00007ffcf1e80000 - 0x00007ffcf1e9b000 	C:\Users\Shiri\.jdks\corretto-17.0.10\bin\VCRUNTIME140.dll
0x00007ffd00fc0000 - 0x00007ffd0116e000 	C:\Windows\System32\USER32.dll
0x00007ffcfeb50000 - 0x00007ffcfeb76000 	C:\Windows\System32\win32u.dll
0x00007ffce8050000 - 0x00007ffce82e3000 	C:\Windows\WinSxS\amd64_microsoft.windows.common-controls_6595b64144ccf1df_6.0.22621.3527_none_270e469b73872a76\COMCTL32.dll
0x00007ffcffa40000 - 0x00007ffcffa69000 	C:\Windows\System32\GDI32.dll
0x00007ffcff8a0000 - 0x00007ffcff947000 	C:\Windows\System32\msvcrt.dll
0x00007ffcfeb80000 - 0x00007ffcfec99000 	C:\Windows\System32\gdi32full.dll
0x00007ffcfee10000 - 0x00007ffcfeeaa000 	C:\Windows\System32\msvcp_win.dll
0x00007ffcfeee0000 - 0x00007ffcfef11000 	C:\Windows\System32\IMM32.DLL
0x00007ffcf73b0000 - 0x00007ffcf73bc000 	C:\Users\Shiri\.jdks\corretto-17.0.10\bin\vcruntime140_1.dll
0x00007ffcdacc0000 - 0x00007ffcdad4d000 	C:\Users\Shiri\.jdks\corretto-17.0.10\bin\msvcp140.dll
0x00007ffc6c4a0000 - 0x00007ffc6d102000 	C:\Users\Shiri\.jdks\corretto-17.0.10\bin\server\jvm.dll
0x00007ffcfefa0000 - 0x00007ffcff052000 	C:\Windows\System32\ADVAPI32.dll
0x00007ffcffc10000 - 0x00007ffcffcb8000 	C:\Windows\System32\sechost.dll
0x00007ffcfeeb0000 - 0x00007ffcfeed8000 	C:\Windows\System32\bcrypt.dll
0x00007ffd00e20000 - 0x00007ffd00f35000 	C:\Windows\System32\RPCRT4.dll
0x00007ffcfdd30000 - 0x00007ffcfdd7d000 	C:\Windows\SYSTEM32\POWRPROF.dll
0x00007ffce60c0000 - 0x00007ffce60c9000 	C:\Windows\SYSTEM32\WSOCK32.dll
0x00007ffcfef20000 - 0x00007ffcfef91000 	C:\Windows\System32\WS2_32.dll
0x00007ffcf8f00000 - 0x00007ffcf8f34000 	C:\Windows\SYSTEM32\WINMM.dll
0x00007ffcf5160000 - 0x00007ffcf516a000 	C:\Windows\SYSTEM32\VERSION.dll
0x00007ffcfdd10000 - 0x00007ffcfdd23000 	C:\Windows\SYSTEM32\UMPDC.dll
0x00007ffcfd4c0000 - 0x00007ffcfd4d8000 	C:\Windows\SYSTEM32\kernel.appcore.dll
0x00007ffcf5a80000 - 0x00007ffcf5a8a000 	C:\Users\Shiri\.jdks\corretto-17.0.10\bin\jimage.dll
0x00007ffcfbb90000 - 0x00007ffcfbdc2000 	C:\Windows\SYSTEM32\DBGHELP.DLL
0x00007ffd008d0000 - 0x00007ffd00c58000 	C:\Windows\System32\combase.dll
0x00007ffcff540000 - 0x00007ffcff617000 	C:\Windows\System32\OLEAUT32.dll
0x00007ffcf5b40000 - 0x00007ffcf5b72000 	C:\Windows\SYSTEM32\dbgcore.DLL
0x00007ffcfe5f0000 - 0x00007ffcfe669000 	C:\Windows\System32\bcryptPrimitives.dll
0x00007ffcf1f00000 - 0x00007ffcf1f0e000 	C:\Users\Shiri\.jdks\corretto-17.0.10\bin\instrument.dll
0x00007ffced420000 - 0x00007ffced445000 	C:\Users\Shiri\.jdks\corretto-17.0.10\bin\java.dll
0x00007ffcdabe0000 - 0x00007ffcdacb7000 	C:\Users\Shiri\.jdks\corretto-17.0.10\bin\jsvml.dll
0x00007ffd00070000 - 0x00007ffd008cc000 	C:\Windows\System32\SHELL32.dll
0x00007ffcfc3c0000 - 0x00007ffcfccb6000 	C:\Windows\SYSTEM32\windows.storage.dll
0x00007ffcfc280000 - 0x00007ffcfc3be000 	C:\Windows\SYSTEM32\wintypes.dll
0x00007ffcffcd0000 - 0x00007ffcffdc5000 	C:\Windows\System32\SHCORE.dll
0x00007ffcff060000 - 0x00007ffcff0be000 	C:\Windows\System32\shlwapi.dll
0x00007ffcfe400000 - 0x00007ffcfe421000 	C:\Windows\SYSTEM32\profapi.dll
0x00007ffced640000 - 0x00007ffced658000 	C:\Users\Shiri\.jdks\corretto-17.0.10\bin\zip.dll
0x00007ffcef920000 - 0x00007ffcef939000 	C:\Users\Shiri\.jdks\corretto-17.0.10\bin\net.dll
0x00007ffcf9e10000 - 0x00007ffcf9f46000 	C:\Windows\SYSTEM32\WINHTTP.dll
0x00007ffcfd960000 - 0x00007ffcfd9c9000 	C:\Windows\system32\mswsock.dll
0x00007ffced930000 - 0x00007ffced946000 	C:\Users\Shiri\.jdks\corretto-17.0.10\bin\nio.dll
0x00007ffcebc00000 - 0x00007ffcebc1a000 	C:\Users\Shiri\AppData\Local\JetBrains\IntelliJ IDEA Community Edition 2023.3.2\bin\breakgen64.dll
0x00007ffcf1e30000 - 0x00007ffcf1e39000 	C:\Users\Shiri\.jdks\corretto-17.0.10\bin\extnet.dll
0x00007ffceca00000 - 0x00007ffceca10000 	C:\Users\Shiri\.jdks\corretto-17.0.10\bin\verify.dll
0x00007ffcfdc30000 - 0x00007ffcfdc4b000 	C:\Windows\SYSTEM32\CRYPTSP.dll
0x00007ffcfd420000 - 0x00007ffcfd455000 	C:\Windows\system32\rsaenh.dll
0x00007ffcfdad0000 - 0x00007ffcfdaf8000 	C:\Windows\SYSTEM32\USERENV.dll
0x00007ffcfdc50000 - 0x00007ffcfdc5c000 	C:\Windows\SYSTEM32\CRYPTBASE.dll
0x00007ffcfcf20000 - 0x00007ffcfcf4d000 	C:\Windows\SYSTEM32\IPHLPAPI.DLL
0x00007ffd00060000 - 0x00007ffd00069000 	C:\Windows\System32\NSI.dll
0x00007ffcfa010000 - 0x00007ffcfa029000 	C:\Windows\SYSTEM32\dhcpcsvc6.DLL
0x00007ffcf9d00000 - 0x00007ffcf9d1f000 	C:\Windows\SYSTEM32\dhcpcsvc.DLL
0x00007ffcfcf50000 - 0x00007ffcfd048000 	C:\Windows\SYSTEM32\DNSAPI.dll
0x00007ffcf9f50000 - 0x00007ffcf9f5a000 	C:\Windows\System32\rasadhlp.dll
0x00007ffcf7300000 - 0x00007ffcf7383000 	C:\Windows\System32\fwpuclnt.dll
0x00007ffceb420000 - 0x00007ffceb42e000 	C:\Users\Shiri\.jdks\corretto-17.0.10\bin\sunmscapi.dll
0x00007ffcfeca0000 - 0x00007ffcfee08000 	C:\Windows\System32\CRYPT32.dll
0x00007ffcfde70000 - 0x00007ffcfde9e000 	C:\Windows\SYSTEM32\ncrypt.dll
0x00007ffcfde30000 - 0x00007ffcfde67000 	C:\Windows\SYSTEM32\NTASN1.dll
0x00007ffcd49b0000 - 0x00007ffcd49b8000 	C:\Windows\system32\wshunix.dll

dbghelp: loaded successfully - version: 4.0.5 - missing functions: none
symbol engine: initialized successfully - sym options: 0x614 - pdb path: .;C:\Users\Shiri\.jdks\corretto-17.0.10\bin;C:\Windows\SYSTEM32;C:\Windows\WinSxS\amd64_microsoft.windows.common-controls_6595b64144ccf1df_6.0.22621.3527_none_270e469b73872a76;C:\Users\Shiri\.jdks\corretto-17.0.10\bin\server;C:\Users\Shiri\AppData\Local\JetBrains\IntelliJ IDEA Community Edition 2023.3.2\bin

VM Arguments:
jvm_args: -ea -Didea.test.cyclic.buffer.size=1048576 -javaagent:C:\Users\Shiri\AppData\Local\JetBrains\IntelliJ IDEA Community Edition 2023.3.2\lib\idea_rt.jar=21569:C:\Users\Shiri\AppData\Local\JetBrains\IntelliJ IDEA Community Edition 2023.3.2\bin -Dfile.encoding=UTF-8 
java_command: com.intellij.rt.testng.RemoteTestNGStarter -usedefaultlisteners false -socket21568 @w@C:\Users\Shiri\AppData\Local\Temp\idea_working_dirs_testng.tmp -temp C:\Users\Shiri\AppData\Local\Temp\idea_testng.tmp
java_class_path (initial): C:\Users\Shiri\AppData\Local\JetBrains\IntelliJ IDEA Community Edition 2023.3.2\lib\idea_rt.jar;C:\Users\Shiri\AppData\Local\JetBrains\IntelliJ IDEA Community Edition 2023.3.2\plugins\testng\lib\testng-rt.jar;C:\Users\Shiri\Documents\DemoQAWinter24\target\test-classes;C:\Users\Shiri\Documents\DemoQAWinter24\target\classes;C:\Users\Shiri\.m2\repository\org\testng\testng\7.10.2\testng-7.10.2.jar;C:\Users\Shiri\.m2\repository\org\slf4j\slf4j-api\1.7.36\slf4j-api-1.7.36.jar;C:\Users\Shiri\.m2\repository\com\beust\jcommander\1.82\jcommander-1.82.jar;C:\Users\Shiri\.m2\repository\org\webjars\jquery\3.7.1\jquery-3.7.1.jar;C:\Users\Shiri\.m2\repository\org\seleniumhq\selenium\selenium-java\4.21.0\selenium-java-4.21.0.jar;C:\Users\Shiri\.m2\repository\org\seleniumhq\selenium\selenium-api\4.21.0\selenium-api-4.21.0.jar;C:\Users\Shiri\.m2\repository\org\seleniumhq\selenium\selenium-chrome-driver\4.21.0\selenium-chrome-driver-4.21.0.jar;C:\Users\Shiri\.m2\repository\com\google\auto\service\auto-service-annotations\1.1.1\auto-service-annotations-1.1.1.jar;C:\Users\Shiri\.m2\repository\org\seleniumhq\selenium\selenium-chromium-driver\4.21.0\selenium-chromium-driver-4.21.0.jar;C:\Users\Shiri\.m2\repository\org\seleniumhq\selenium\selenium-json\4.21.0\selenium-json-4.21.0.jar;C:\Users\Shiri\.m2\repository\org\seleniumhq\selenium\selenium-manager\4.21.0\selenium-manager-4.21.0.jar;C:\Users\Shiri\.m2\repository\org\seleniumhq\selenium\selenium-devtools-v123\4.21.0\selenium-devtools-v123-4.21.0.jar;C:\Users\Shiri\.m2\repository\org\seleniumhq\selenium\selenium-devtools-v124\4.21.0\selenium-devtools-v124-4.21.0.jar;C:\Users\Shiri\.m2\repository\org\seleniumhq\selenium\selenium-devtools-v125\4.21.0\selenium-devtools-v125-4.21.0.jar;C:\Users\Shiri\.m2\repository\org\seleniumhq\selenium\selenium-devtools-v85\4.21.0\selenium-devtools-v85-4.21.0.jar;C:\Users\Shiri\.m2\repository\org\seleniumhq\selenium\selenium-edge-driver\4.21.0\selenium-edge-driver-4.21.0.jar;
Launcher Type: SUN_STANDARD

[Global flags]
     intx CICompilerCount                          = 4                                         {product} {ergonomic}
     uint ConcGCThreads                            = 2                                         {product} {ergonomic}
     uint G1ConcRefinementThreads                  = 8                                         {product} {ergonomic}
   size_t G1HeapRegionSize                         = 2097152                                   {product} {ergonomic}
    uintx GCDrainStackTargetSize                   = 64                                        {product} {ergonomic}
   size_t InitialHeapSize                          = 266338304                                 {product} {ergonomic}
   size_t MarkStackSize                            = 4194304                                   {product} {ergonomic}
   size_t MaxHeapSize                              = 4238344192                                {product} {ergonomic}
   size_t MaxNewSize                               = 2541748224                                {product} {ergonomic}
   size_t MinHeapDeltaBytes                        = 2097152                                   {product} {ergonomic}
   size_t MinHeapSize                              = 8388608                                   {product} {ergonomic}
    uintx NonNMethodCodeHeapSize                   = 5839372                                {pd product} {ergonomic}
    uintx NonProfiledCodeHeapSize                  = 122909434                              {pd product} {ergonomic}
    uintx ProfiledCodeHeapSize                     = 122909434                              {pd product} {ergonomic}
    uintx ReservedCodeCacheSize                    = 251658240                              {pd product} {ergonomic}
     bool SegmentedCodeCache                       = true                                      {product} {ergonomic}
   size_t SoftMaxHeapSize                          = 4238344192                             {manageable} {ergonomic}
     bool UseCompressedClassPointers               = true                           {product lp64_product} {ergonomic}
     bool UseCompressedOops                        = true                           {product lp64_product} {ergonomic}
     bool UseG1GC                                  = true                                      {product} {ergonomic}
     bool UseLargePagesIndividualAllocation        = false                                  {pd product} {ergonomic}

Logging:
Log output configuration:
 #0: stdout all=warning uptime,level,tags
 #1: stderr all=off uptime,level,tags

Environment Variables:
PATH=C:\Windows\System32\HWAudioDriverLibs;C:\Windows\system32;C:\Windows;C:\Windows\System32\Wbem;C:\Windows\System32\WindowsPowerShell\v1.0\;C:\Windows\System32\OpenSSH\;C:\Users\Administrator\AppData\Local\Microsoft\WindowsApps;C:\Program Files\Git\cmd;C:\Users\Shiri\AppData\Local\Microsoft\WindowsApps;
USERNAME=Shiri
OS=Windows_NT
PROCESSOR_IDENTIFIER=Intel64 Family 6 Model 140 Stepping 2, GenuineIntel
TMP=C:\Users\Shiri\AppData\Local\Temp
TEMP=C:\Users\Shiri\AppData\Local\Temp



Periodic native trim disabled


---------------  S Y S T E M  ---------------

OS:
 Windows 11 , 64 bit Build 22621 (10.0.22621.3527)
OS uptime: 7 days 5:04 hours
Hyper-V role detected

CPU: total 8 (initial active 8) (4 cores per cpu, 2 threads per core) family 6 model 140 stepping 2 microcode 0x16, cx8, cmov, fxsr, ht, mmx, 3dnowpref, sse, sse2, sse3, ssse3, sse4.1, sse4.2, popcnt, lzcnt, tsc, tscinvbit, avx, avx2, aes, erms, clmul, bmi1, bmi2, adx, avx512f, avx512dq, avx512cd, avx512bw, avx512vl, sha, fma, vzeroupper, avx512_vpopcntdq, avx512_vpclmulqdq, avx512_vaes, avx512_vnni, clflush, clflushopt, clwb, avx512_vbmi2, avx512_vbmi, hv
Processor Information for all 8 processors :
  Max Mhz: 2496, Current Mhz: 2496, Mhz Limit: 2496

Memory: 4k page, system-wide physical 16167M (2374M free)
TotalPageFile size 31527M (AvailPageFile size 5M)
current process WorkingSet (physical memory assigned to process): 112M, peak: 112M
current process commit charge ("private bytes"): 380M, peak: 386M

vm_info: OpenJDK 64-Bit Server VM (17.0.10+7-LTS) for windows-amd64 JRE (17.0.10+7-LTS), built on Jan 10 2024 22:11:07 by "Administrator" with MS VC++ 16.10 / 16.11 (VS2019)

END.
